#
# There is insufficient memory for the Java Runtime Environment to continue.
# Native memory allocation (mmap) failed to map 134217728 bytes for Failed to commit area from 0x0000000081c00000 to 0x0000000089c00000 of length 134217728.
# Possible reasons:
#   The system is out of physical RAM or swap space
#   The process is running with CompressedOops enabled, and the Java Heap may be blocking the growth of the native heap
# Possible solutions:
#   Reduce memory load on the system
#   Increase physical memory or swap space
#   Check if swap backing store is full
#   Decrease Java heap size (-Xmx/-Xms)
#   Decrease number of Java threads
#   Decrease Java thread stack sizes (-Xss)
#   Set larger code cache with -XX:ReservedCodeCacheSize=
# This output file may be truncated or incomplete.
#
#  Out of Memory Error (./open/src/hotspot/os/windows/os_windows.cpp:3276), pid=8804, tid=2696
#
# JRE version:  (11.0.13+10) (build )
# Java VM: Java HotSpot(TM) 64-Bit Server VM (11.0.13+10-LTS-370, mixed mode, sharing, tiered, compressed oops, g1 gc, windows-amd64)
# No core dump will be written. Minidumps are not enabled by default on client versions of Windows
#

---------------  S U M M A R Y ------------

Command Line: C:\Users\ASUS\AppData\Local\Temp\surefire9615702611820987094\surefirebooter17022339890007169457.jar C:\Users\ASUS\AppData\Local\Temp\surefire9615702611820987094 2022-04-25T17-21-07_895-jvmRun1 surefire11677803762216224143tmp surefire_01528536892423297772tmp

Host: Intel(R) Core(TM) i7-7500U CPU @ 2.70GHz, 4 cores, 7G,  Windows 10 , 64 bit Build 19041 (10.0.19041.1466)
Time: Mon Apr 25 17:21:09 2022 Paris, Madrid (heure d’été) elapsed time: 0.031330 seconds (0d 0h 0m 0s)

---------------  T H R E A D  ---------------

Current thread (0x0000015e96ab5000):  JavaThread "Unknown thread" [_thread_in_vm, id=2696, stack(0x00000027e3600000,0x00000027e3700000)]

Stack: [0x00000027e3600000,0x00000027e3700000]
Native frames: (J=compiled Java code, j=interpreted, Vv=VM code, C=native code)
V  [jvm.dll+0x62870a]
V  [jvm.dll+0x761f2f]
V  [jvm.dll+0x7635d9]
V  [jvm.dll+0x763c63]
V  [jvm.dll+0x23d728]
V  [jvm.dll+0x625aba]
V  [jvm.dll+0x61a855]
V  [jvm.dll+0x2f242c]
V  [jvm.dll+0x2f22b2]
V  [jvm.dll+0x2f6fd6]
V  [jvm.dll+0x3395ff]
V  [jvm.dll+0x339030]
V  [jvm.dll+0x2cfa38]
V  [jvm.dll+0x2d0ba6]
V  [jvm.dll+0x73c547]
V  [jvm.dll+0x73dddf]
V  [jvm.dll+0x346369]
V  [jvm.dll+0x721e60]
V  [jvm.dll+0x3b500f]
V  [jvm.dll+0x3b7121]
C  [jli.dll+0x5207]
C  [ucrtbase.dll+0x21bb2]
C  [KERNEL32.DLL+0x17034]
C  [ntdll.dll+0x52651]


---------------  P R O C E S S  ---------------

Threads class SMR info:
_java_thread_list=0x0000015e95061420, length=0, elements={
}

Java Threads: ( => current thread )

Other Threads:
  0x0000015e96acc000 GCTaskThread "GC Thread#0" [stack: 0x00000027e3700000,0x00000027e3800000] [id=9944]
  0x0000015e96afd800 ConcurrentGCThread "G1 Main Marker" [stack: 0x00000027e3800000,0x00000027e3900000] [id=21716]
  0x0000015e96aff800 ConcurrentGCThread "G1 Conc#0" [stack: 0x00000027e3900000,0x00000027e3a00000] [id=2440]

[error occurred during error reporting (printing all threads), id 0xc0000005, EXCEPTION_ACCESS_VIOLATION (0xc0000005) at pc=0x00007ffddce9ecc7]

VM state:not at safepoint (not fully initialized)

VM Mutex/Monitor currently owned by a thread:  ([mutex/lock_event])
[0x0000015e96ab1f40] Heap_lock - owner thread: 0x0000015e96ab5000

Heap address: 0x0000000081c00000, size: 2020 MB, Compressed Oops mode: Non-zero based: 0x0000000081c00000
Narrow klass base: 0x0000000000000000, Narrow klass shift: 0

GC Heap History (0 events):
No events

Deoptimization events (0 events):
No events

Classes redefined (0 events):
No events

Internal exceptions (0 events):
No events

Events (0 events):
No events


Dynamic libraries:
0x00007ff754170000 - 0x00007ff75417f000 	C:\Program Files\Java\jdk-11.0.13\bin\java.exe
0x00007ffe1fe30000 - 0x00007ffe20025000 	C:\Windows\SYSTEM32\ntdll.dll
0x00007ffe1e090000 - 0x00007ffe1e14e000 	C:\Windows\System32\KERNEL32.DLL
0x00007ffe1d7b0000 - 0x00007ffe1da78000 	C:\Windows\System32\KERNELBASE.dll
0x00007ffe1dc10000 - 0x00007ffe1dd10000 	C:\Windows\System32\ucrtbase.dll
0x00007ffe04a70000 - 0x00007ffe04a88000 	C:\Program Files\Java\jdk-11.0.13\bin\jli.dll
0x00007ffe1de70000 - 0x00007ffe1df1e000 	C:\Windows\System32\ADVAPI32.dll
0x00007ffe0faf0000 - 0x00007ffe0fb05000 	C:\Program Files\Java\jdk-11.0.13\bin\VCRUNTIME140.dll
0x00007ffe1f060000 - 0x00007ffe1f0fe000 	C:\Windows\System32\msvcrt.dll
0x00007ffe1fae0000 - 0x00007ffe1fb7c000 	C:\Windows\System32\sechost.dll
0x00007ffe1df20000 - 0x00007ffe1e045000 	C:\Windows\System32\RPCRT4.dll
0x00007ffe09450000 - 0x00007ffe096ea000 	C:\Windows\WinSxS\amd64_microsoft.windows.common-controls_6595b64144ccf1df_6.0.19041.1110_none_60b5254171f9507e\COMCTL32.dll
0x00007ffe1fbe0000 - 0x00007ffe1fd81000 	C:\Windows\System32\USER32.dll
0x00007ffe1f9f0000 - 0x00007ffe1fa1b000 	C:\Windows\System32\GDI32.dll
0x00007ffe1da80000 - 0x00007ffe1daa2000 	C:\Windows\System32\win32u.dll
0x00007ffe1dd60000 - 0x00007ffe1de6d000 	C:\Windows\System32\gdi32full.dll
0x00007ffe1d5a0000 - 0x00007ffe1d63d000 	C:\Windows\System32\msvcp_win.dll
0x00007ffe144a0000 - 0x00007ffe144aa000 	C:\Windows\SYSTEM32\VERSION.dll
0x00007ffe1e060000 - 0x00007ffe1e090000 	C:\Windows\System32\IMM32.DLL
0x00007ffdffd10000 - 0x00007ffdffdab000 	C:\Program Files\Java\jdk-11.0.13\bin\msvcp140.dll
0x00007ffddcbc0000 - 0x00007ffddd6d3000 	C:\Program Files\Java\jdk-11.0.13\bin\server\jvm.dll
0x00007ffe1e150000 - 0x00007ffe1e158000 	C:\Windows\System32\PSAPI.DLL
0x00007ffe096f0000 - 0x00007ffe09717000 	C:\Windows\SYSTEM32\WINMM.dll
0x00007ffdff6e0000 - 0x00007ffdff6e9000 	C:\Windows\SYSTEM32\WSOCK32.dll
0x00007ffe1f160000 - 0x00007ffe1f1cb000 	C:\Windows\System32\WS2_32.dll
0x00007ffe1b420000 - 0x00007ffe1b432000 	C:\Windows\SYSTEM32\kernel.appcore.dll
0x00007ffe1ad70000 - 0x00007ffe1ad80000 	C:\Program Files\Java\jdk-11.0.13\bin\verify.dll
0x00007ffe18c60000 - 0x00007ffe18e44000 	C:\Windows\SYSTEM32\DBGHELP.DLL
0x00007ffe18bf0000 - 0x00007ffe18c1c000 	C:\Windows\SYSTEM32\dbgcore.DLL
0x00007ffe1d720000 - 0x00007ffe1d7a2000 	C:\Windows\System32\bcryptPrimitives.dll
0x00007ffe008a0000 - 0x00007ffe008c8000 	C:\Program Files\Java\jdk-11.0.13\bin\java.dll
0x00007ffe18bb0000 - 0x00007ffe18bba000 	C:\Program Files\Java\jdk-11.0.13\bin\jimage.dll
0x00007ffe00840000 - 0x00007ffe00856000 	C:\Program Files\Java\jdk-11.0.13\bin\zip.dll

dbghelp: loaded successfully - version: 4.0.5 - missing functions: none
symbol engine: initialized successfully - sym options: 0x614 - pdb path: .;C:\Program Files\Java\jdk-11.0.13\bin;C:\Windows\SYSTEM32;C:\Windows\WinSxS\amd64_microsoft.windows.common-controls_6595b64144ccf1df_6.0.19041.1110_none_60b5254171f9507e;C:\Program Files\Java\jdk-11.0.13\bin\server

VM Arguments:
java_command: C:\Users\ASUS\AppData\Local\Temp\surefire9615702611820987094\surefirebooter17022339890007169457.jar C:\Users\ASUS\AppData\Local\Temp\surefire9615702611820987094 2022-04-25T17-21-07_895-jvmRun1 surefire11677803762216224143tmp surefire_01528536892423297772tmp
java_class_path (initial): C:\Users\ASUS\AppData\Local\Temp\surefire9615702611820987094\surefirebooter17022339890007169457.jar
Launcher Type: SUN_STANDARD

[Global flags]
     intx CICompilerCount                          = 3                                         {product} {ergonomic}
     uint ConcGCThreads                            = 1                                         {product} {ergonomic}
     uint G1ConcRefinementThreads                  = 4                                         {product} {ergonomic}
   size_t G1HeapRegionSize                         = 1048576                                   {product} {ergonomic}
    uintx GCDrainStackTargetSize                   = 64                                        {product} {ergonomic}
   size_t InitialHeapSize                          = 134217728                                 {product} {ergonomic}
   size_t MarkStackSize                            = 4194304                                   {product} {ergonomic}
   size_t MaxHeapSize                              = 2118123520                                {product} {ergonomic}
   size_t MinHeapDeltaBytes                        = 1048576                                   {product} {ergonomic}
    uintx NonNMethodCodeHeapSize                   = 5830732                                {pd product} {ergonomic}
    uintx NonProfiledCodeHeapSize                  = 122913754                              {pd product} {ergonomic}
    uintx ProfiledCodeHeapSize                     = 122913754                              {pd product} {ergonomic}
    uintx ReservedCodeCacheSize                    = 251658240                              {pd product} {ergonomic}
     bool SegmentedCodeCache                       = true                                      {product} {ergonomic}
     bool UseCompressedClassPointers               = true                                 {lp64_product} {ergonomic}
     bool UseCompressedOops                        = true                                 {lp64_product} {ergonomic}
     bool UseG1GC                                  = true                                      {product} {ergonomic}
     bool UseLargePagesIndividualAllocation        = false                                  {pd product} {ergonomic}

Logging:
Log output configuration:
 #0: stdout all=warning uptime,level,tags
 #1: stderr all=off uptime,level,tags

Environment Variables:
JAVA_HOME=C:\Program Files\Java\jdk-11.0.13
PATH=C:\Program Files\Common Files\Oracle\Java\javapath;C:\Python310\Scripts\;C:\Python310\;C:\Program Files (x86)\Common Files\Oracle\Java\javapath;C:\Windows\system32;C:\Windows;C:\Windows\System32\Wbem;C:\Windows\System32\WindowsPowerShell\v1.0\;C:\Windows\System32\OpenSSH\;C:\Program Files\Java\jdk1.8.0_321\bin;C:\Program Files\nodejs\;C:\ProgramData\chocolatey\bin;C:\Program Files (x86)\MySQL\MySQL Fabric 1.5.4 & MySQL Utilities 1.5.4 1.5\;C:\Program Files (x86)\MySQL\MySQL Fabric 1.5.4 & MySQL Utilities 1.5.4 1.5\Doctrine extensions for PHP\;C:\Program Files\Git\cmd;C:\Program Files\Java\jdk-11.0.13\bin;C:\Program Files\apache-maven-3.8.4\bin;C:\Users\ASUS\AppData\Local\Microsoft\WindowsApps;;C:\Users\ASUS\AppData\Local\Programs\Microsoft VS Code\bin;C:\Users\ASUS\AppData\Roaming\npm;C:\Program Files\JetBrains\IntelliJ IDEA 2021.3.3\bin;
USERNAME=ASUS
OS=Windows_NT
PROCESSOR_IDENTIFIER=Intel64 Family 6 Model 142 Stepping 9, GenuineIntel



---------------  S Y S T E M  ---------------

OS: Windows 10 , 64 bit Build 19041 (10.0.19041.1466)

CPU:total 4 (initial active 4) (2 cores per cpu, 2 threads per core) family 6 model 142 stepping 9 microcode 0xb4, cmov, cx8, fxsr, mmx, sse, sse2, sse3, ssse3, sse4.1, sse4.2, popcnt, avx, avx2, aes, clmul, erms, 3dnowpref, lzcnt, ht, tsc, tscinvbit, bmi1, bmi2, adx, fma

Memory: 4k page, system-wide physical 8073M (204M free)
TotalPageFile size 32649M (AvailPageFile size 13M)
current process WorkingSet (physical memory assigned to process): 9M, peak: 9M
current process commit charge ("private bytes"): 51M, peak: 179M

vm_info: Java HotSpot(TM) 64-Bit Server VM (11.0.13+10-LTS-370) for windows-amd64 JRE (11.0.13+10-LTS-370), built on Sep 15 2021 22:10:36 by "mach5one" with MS VC++ 15.9 (VS2017)

END.
